Thu, 05 Sep 2019 16:59:21 +0000 r3
Thu, 05 Sep 2019 16:59:24 +0000 r3
Thu, 05 Sep 2019 16:59:33 +0000 r3
Sat, 21 Sep 2019 16:22:15 +0000 r3
Thu, 03 Oct 2019 11:16:26 +0000 r3
Wed, 09 Oct 2019 13:25:36 +0000 r3
Thu, 17 Oct 2019 05:55:05 +0000 r3
Sat, 19 Oct 2019 02:40:15 +0000 r3
Sat, 19 Oct 2019 15:28:42 +0000 r3
Sun, 20 Oct 2019 02:37:15 +0000 r3
Wed, 23 Oct 2019 21:13:48 +0000 r3
Tue, 05 Nov 2019 17:01:04 +0000 r3
Wed, 06 Nov 2019 13:44:24 +0000 r3
Thu, 07 Nov 2019 03:53:31 +0000 r3
Fri, 08 Nov 2019 19:36:35 +0000 r3
Sat, 09 Nov 2019 18:26:55 +0000 r3
Sat, 09 Nov 2019 22:18:37 +0000 r3
Sun, 10 Nov 2019 01:42:30 +0000 r3
Sun, 10 Nov 2019 02:34:31 +0000 r3
Wed, 20 Nov 2019 15:02:27 +0000 r3
Thu, 05 Dec 2019 18:14:12 +0000 r3
Thu, 05 Dec 2019 20:01:54 +0000 r3
Thu, 05 Dec 2019 21:05:46 +0000 r3
Thu, 05 Dec 2019 22:29:01 +0000 r3
Fri, 06 Dec 2019 02:17:45 +0000 r3
Fri, 06 Dec 2019 02:19:07 +0000 r3
Fri, 06 Dec 2019 02:44:11 +0000 r3
Fri, 06 Dec 2019 02:44:13 +0000 r3
Sat, 21 Dec 2019 15:39:15 +0000 r3
Sat, 21 Dec 2019 16:21:40 +0000 r3
Sat, 21 Dec 2019 17:18:52 +0000 r3
Sat, 21 Dec 2019 19:31:04 +0000 r3
Sat, 21 Dec 2019 20:59:18 +0000 r3
Sat, 21 Dec 2019 22:38:55 +0000 r3
Sun, 22 Dec 2019 02:04:02 +0000 r3
Sun, 22 Dec 2019 20:07:27 +0000 r3
Sun, 22 Dec 2019 20:43:47 +0000 r3
Sun, 22 Dec 2019 21:39:59 +0000 r3
Tue, 24 Dec 2019 22:39:42 +0000 r3
Mon, 06 Jan 2020 20:43:30 +0000 r3
Tue, 07 Jan 2020 00:21:28 +0000 r3
Tue, 07 Jan 2020 04:10:46 +0000 r3
Tue, 07 Jan 2020 04:29:16 +0000 r3
Tue, 07 Jan 2020 17:03:05 +0000 r3
Thu, 09 Jan 2020 02:46:03 +0000 r3
